<?xml version="1.0" encoding="UTF-8" standalone="no"?>
<!DOCTYPE log SYSTEM "logger.dtd">
<log>
<record>
  <date>2021-01-22T09:06:35.141590300Z</date>
  <millis>1611306395141</millis>
  <nanos>590300</nanos>
  <sequence>1</sequence>
  <logger>global</logger>
  <level>INFO</level>
  <class>App</class>
  <method>main</method>
  <thread>1</thread>
  <message>My test log</message>
</record>
<record>
  <date>2021-01-22T09:06:35.150589700Z</date>
  <millis>1611306395150</millis>
  <nanos>589700</nanos>
  <sequence>2</sequence>
  <logger>global</logger>
  <level>FINE</level>
  <class>App</class>
  <method>main</method>
  <thread>1</thread>
  <message>My second log</message>
</record>
<record>
  <date>2021-01-22T09:06:35.151587800Z</date>
  <millis>1611306395151</millis>
  <nanos>587800</nanos>
  <sequence>3</sequence>
  <logger>global</logger>
  <level>SEVERE</level>
  <class>App</class>
  <method>main</method>
  <thread>1</thread>
  <message>File read error</message>
  <exception>
    <message>java.io.IOException</message>
    <frame>
      <class>App</class>
      <method>main</method>
      <line>37</line>
    </frame>
  </exception>
</record>
</log>
